<?xml version="1.0" encoding="UTF-8"?>
<!-- Generated by org.testng.reporters.JUnitReportReporter -->
<testsuite hostname="DESKTOP-3TELDHC" failures="0" tests="6" name="testCases.PracticeTest" time="6.053" errors="0" timestamp="2026-04-28T10:57:44 IST" skipped="0">
  <testcase classname="testCases.PracticeTest" name="test3" time="1.003"/>
  <testcase classname="testCases.PracticeTest" name="test3" time="1.003"/>
  <testcase classname="testCases.PracticeTest" name="test2" time="1.004"/>
  <testcase classname="testCases.PracticeTest" name="test1" time="1.020"/>
  <testcase classname="testCases.PracticeTest" name="test1" time="1.020"/>
  <testcase classname="testCases.PracticeTest" name="test2" time="1.003"/>
</testsuite> <!-- testCases.PracticeTest -->
