<?xml version="1.0" encoding="UTF-8"?>
<testng-results ignored="0" total="1" passed="1" failed="0" skipped="0">
  <reporter-output>
  </reporter-output>
  <suite started-at="2025-10-13T13:32:08 IST" name="Suite" finished-at="2025-10-13T15:46:56 IST" duration-ms="8088018">
    <groups>
    </groups>
    <test started-at="2025-10-13T13:32:08 IST" name="Test" finished-at="2025-10-13T15:46:56 IST" duration-ms="8088018">
      <class name="testCases.LeadCreation">
        <test-method is-config="true" signature="Login(java.lang.String)[pri:0, instance:testCases.LeadCreation@1339e7aa]" started-at="2025-10-13T13:32:08 IST" name="Login" finished-at="2025-10-13T13:33:03 IST" duration-ms="55320" status="PASS">
          <params>
            <param index="0">
              <value>
                <![CDATA[chrome]]>
              </value>
            </param>
          </params>
          <reporter-output>
          </reporter-output>
        </test-method> <!-- Login -->
        <test-method signature="LeadCreate()[pri:0, instance:testCases.LeadCreation@1339e7aa]" started-at="2025-10-13T13:33:03 IST" name="LeadCreate" finished-at="2025-10-13T15:46:56 IST" duration-ms="8032625" status="PASS">
          <reporter-output>
          </reporter-output>
        </test-method> <!-- LeadCreate -->
        <test-method is-config="true" signature="tearDown()[pri:0, instance:testCases.LeadCreation@1339e7aa]" started-at="2025-10-13T15:46:56 IST" name="tearDown" finished-at="2025-10-13T15:46:56 IST" duration-ms="2" status="PASS">
          <reporter-output>
          </reporter-output>
        </test-method> <!-- tearDown -->
      </class> <!-- testCases.LeadCreation -->
    </test> <!-- Test -->
  </suite> <!-- Suite -->
</testng-results>
