<?xml version="1.0" encoding="UTF-8"?>
<testng-results ignored="0" total="1" passed="1" failed="0" skipped="0">
  <reporter-output>
  </reporter-output>
  <suite started-at="2025-10-30T16:51:52 IST" name="Suite" finished-at="2025-10-30T16:53:39 IST" duration-ms="107458">
    <groups>
    </groups>
    <test started-at="2025-10-30T16:51:52 IST" name="Test" finished-at="2025-10-30T16:53:39 IST" duration-ms="107458">
      <class name="testCases.LeadCreation">
        <test-method is-config="true" signature="Login(java.lang.String)[pri:0, instance:testCases.LeadCreation@5f031ebd]" started-at="2025-10-30T16:51:52 IST" name="Login" finished-at="2025-10-30T16:52:49 IST" duration-ms="57184" status="PASS">
          <params>
            <param index="0">
              <value>
                <![CDATA[chrome]]>
              </value>
            </param>
          </params>
          <reporter-output>
          </reporter-output>
        </test-method> <!-- Login -->
        <test-method signature="LeadCreate()[pri:0, instance:testCases.LeadCreation@5f031ebd]" started-at="2025-10-30T16:52:49 IST" name="LeadCreate" finished-at="2025-10-30T16:53:39 IST" duration-ms="50214" status="PASS">
          <reporter-output>
          </reporter-output>
        </test-method> <!-- LeadCreate -->
        <test-method is-config="true" signature="tearDown()[pri:0, instance:testCases.LeadCreation@5f031ebd]" started-at="2025-10-30T16:53:39 IST" name="tearDown" finished-at="2025-10-30T16:53:39 IST" duration-ms="1" status="PASS">
          <reporter-output>
          </reporter-output>
        </test-method> <!-- tearDown -->
      </class> <!-- testCases.LeadCreation -->
    </test> <!-- Test -->
  </suite> <!-- Suite -->
</testng-results>
