<?xml version="1.0" encoding="UTF-8"?>
<testng-results ignored="0" total="2" passed="2" failed="0" skipped="0">
  <reporter-output>
  </reporter-output>
  <suite started-at="2025-06-05T15:01:43 IST" name="Suite" finished-at="2025-06-05T15:03:20 IST" duration-ms="96963">
    <groups>
    </groups>
    <test started-at="2025-06-05T15:01:43 IST" name="Test" finished-at="2025-06-05T15:03:20 IST" duration-ms="96963">
      <class name="testCases.TC03_AadharSeedingDeesing">
        <test-method is-config="true" signature="Login(java.lang.String)[pri:0, instance:testCases.TC03_AadharSeedingDeesing@426b6a74]" started-at="2025-06-05T15:01:43 IST" name="Login" finished-at="2025-06-05T15:02:12 IST" duration-ms="28934" status="PASS">
          <params>
            <param index="0">
              <value>
                <![CDATA[chrome]]>
              </value>
            </param>
          </params>
          <reporter-output>
          </reporter-output>
        </test-method> <!-- Login -->
        <test-method signature="AadharDeSeeding()[pri:1, instance:testCases.TC03_AadharSeedingDeesing@426b6a74]" started-at="2025-06-05T15:02:12 IST" name="AadharDeSeeding" finished-at="2025-06-05T15:02:48 IST" duration-ms="36283" status="PASS">
          <reporter-output>
          </reporter-output>
        </test-method> <!-- AadharDeSeeding -->
        <test-method signature="AadharSeeding()[pri:2, instance:testCases.TC03_AadharSeedingDeesing@426b6a74]" started-at="2025-06-05T15:02:48 IST" name="AadharSeeding" finished-at="2025-06-05T15:03:20 IST" duration-ms="31672" status="PASS">
          <reporter-output>
          </reporter-output>
        </test-method> <!-- AadharSeeding -->
        <test-method is-config="true" signature="tearDown()[pri:0, instance:testCases.TC03_AadharSeedingDeesing@426b6a74]" started-at="2025-06-05T15:03:20 IST" name="tearDown" finished-at="2025-06-05T15:03:20 IST" duration-ms="1" status="PASS">
          <reporter-output>
          </reporter-output>
        </test-method> <!-- tearDown -->
      </class> <!-- testCases.TC03_AadharSeedingDeesing -->
    </test> <!-- Test -->
  </suite> <!-- Suite -->
</testng-results>
