<?xml version="1.0" encoding="UTF-8"?>
<testng-results ignored="0" total="1" passed="1" failed="0" skipped="0">
  <reporter-output>
  </reporter-output>
  <suite started-at="2025-04-09T18:49:00 IST" name="Suite" finished-at="2025-04-09T18:50:48 IST" duration-ms="107274">
    <groups>
    </groups>
    <test started-at="2025-04-09T18:49:00 IST" name="Test" finished-at="2025-04-09T18:50:48 IST" duration-ms="107274">
      <class name="testCases.AccountOpening">
        <test-method is-config="true" signature="Login(java.lang.String)[pri:0, instance:testCases.AccountOpening@878452d]" started-at="2025-04-09T18:49:00 IST" name="Login" finished-at="2025-04-09T18:49:28 IST" duration-ms="27534" status="PASS">
          <params>
            <param index="0">
              <value>
                <![CDATA[chrome]]>
              </value>
            </param>
          </params>
          <reporter-output>
          </reporter-output>
        </test-method> <!-- Login -->
        <test-method signature="Ekyc_Enrollment()[pri:0, instance:testCases.AccountOpening@878452d]" started-at="2025-04-09T18:49:28 IST" name="Ekyc_Enrollment" finished-at="2025-04-09T18:50:33 IST" duration-ms="64677" status="PASS">
          <reporter-output>
          </reporter-output>
        </test-method> <!-- Ekyc_Enrollment -->
        <test-method is-config="true" signature="tearDown()[pri:0, instance:testCases.AccountOpening@878452d]" started-at="2025-04-09T18:50:33 IST" name="tearDown" finished-at="2025-04-09T18:50:48 IST" duration-ms="15006" status="PASS">
          <reporter-output>
          </reporter-output>
        </test-method> <!-- tearDown -->
      </class> <!-- testCases.AccountOpening -->
    </test> <!-- Test -->
  </suite> <!-- Suite -->
</testng-results>
