<?xml version="1.0" encoding="UTF-8"?>
<testng-results ignored="0" total="1" passed="1" failed="0" skipped="0">
  <reporter-output>
  </reporter-output>
  <suite started-at="2025-06-13T17:18:28 IST" name="Suite" finished-at="2025-06-13T17:21:26 IST" duration-ms="178117">
    <groups>
    </groups>
    <test started-at="2025-06-13T17:18:28 IST" name="Test" finished-at="2025-06-13T17:21:26 IST" duration-ms="178117">
      <class name="testCases.IAO_Continue_Customer_Creation">
        <test-method is-config="true" signature="Login(java.lang.String)[pri:0, instance:testCases.IAO_Continue_Customer_Creation@878452d]" started-at="2025-06-13T17:18:28 IST" name="Login" finished-at="2025-06-13T17:19:43 IST" duration-ms="75451" status="PASS">
          <params>
            <param index="0">
              <value>
                <![CDATA[chrome]]>
              </value>
            </param>
          </params>
          <reporter-output>
          </reporter-output>
        </test-method> <!-- Login -->
        <test-method signature="Ekyc_Enrollment()[pri:0, instance:testCases.IAO_Continue_Customer_Creation@878452d]" started-at="2025-06-13T17:19:43 IST" name="Ekyc_Enrollment" finished-at="2025-06-13T17:21:26 IST" duration-ms="102589" status="PASS">
          <reporter-output>
          </reporter-output>
        </test-method> <!-- Ekyc_Enrollment -->
        <test-method is-config="true" signature="tearDown()[pri:0, instance:testCases.IAO_Continue_Customer_Creation@878452d]" started-at="2025-06-13T17:21:26 IST" name="tearDown" finished-at="2025-06-13T17:21:26 IST" duration-ms="2" status="PASS">
          <reporter-output>
          </reporter-output>
        </test-method> <!-- tearDown -->
      </class> <!-- testCases.IAO_Continue_Customer_Creation -->
    </test> <!-- Test -->
  </suite> <!-- Suite -->
</testng-results>
