<?xml version="1.0" encoding="UTF-8"?>
<testng-results ignored="0" total="1" passed="1" failed="0" skipped="0">
  <reporter-output>
  </reporter-output>
  <suite started-at="2025-04-09T11:44:09 IST" name="Default suite" finished-at="2025-04-09T11:45:40 IST" duration-ms="90594">
    <groups>
    </groups>
    <test started-at="2025-04-09T11:44:09 IST" name="Default test" finished-at="2025-04-09T11:45:40 IST" duration-ms="90594">
      <class name="testCases.TC02_ChequeBookIssuance">
        <test-method is-config="true" signature="Login()[pri:0, instance:testCases.TC02_ChequeBookIssuance@295eaa7c]" started-at="2025-04-09T11:44:09 IST" name="Login" finished-at="2025-04-09T11:45:01 IST" duration-ms="51738" status="PASS">
          <reporter-output>
          </reporter-output>
        </test-method> <!-- Login -->
        <test-method signature="Cheque_Book_Issue()[pri:0, instance:testCases.TC02_ChequeBookIssuance@295eaa7c]" started-at="2025-04-09T11:45:01 IST" name="Cheque_Book_Issue" finished-at="2025-04-09T11:45:25 IST" duration-ms="23781" status="PASS">
          <reporter-output>
          </reporter-output>
        </test-method> <!-- Cheque_Book_Issue -->
        <test-method is-config="true" signature="tearDown()[pri:0, instance:testCases.TC02_ChequeBookIssuance@295eaa7c]" started-at="2025-04-09T11:45:25 IST" name="tearDown" finished-at="2025-04-09T11:45:40 IST" duration-ms="15010" status="PASS">
          <reporter-output>
          </reporter-output>
        </test-method> <!-- tearDown -->
      </class> <!-- testCases.TC02_ChequeBookIssuance -->
    </test> <!-- Default test -->
  </suite> <!-- Default suite -->
</testng-results>
