<?xml version="1.0" encoding="UTF-8"?>
<testng-results ignored="0" total="6" passed="6" failed="0" skipped="0">
  <reporter-output>
  </reporter-output>
  <suite started-at="2026-04-28T10:57:41 IST" name="Suite" finished-at="2026-04-28T10:57:44 IST" duration-ms="3086">
    <groups>
    </groups>
    <test started-at="2026-04-28T10:57:41 IST" name="Test1" finished-at="2026-04-28T10:57:44 IST" duration-ms="3086">
      <class name="testCases.PracticeTest">
        <test-method signature="test1()[pri:0, instance:testCases.PracticeTest@6e20b53a]" started-at="2026-04-28T10:57:41 IST" name="test1" finished-at="2026-04-28T10:57:42 IST" duration-ms="1020" status="PASS">
          <reporter-output>
          </reporter-output>
        </test-method> <!-- test1 -->
        <test-method signature="test2()[pri:0, instance:testCases.PracticeTest@6e20b53a]" started-at="2026-04-28T10:57:42 IST" name="test2" finished-at="2026-04-28T10:57:43 IST" duration-ms="1003" status="PASS">
          <reporter-output>
          </reporter-output>
        </test-method> <!-- test2 -->
        <test-method signature="test3()[pri:0, instance:testCases.PracticeTest@6e20b53a]" started-at="2026-04-28T10:57:43 IST" name="test3" finished-at="2026-04-28T10:57:44 IST" duration-ms="1003" status="PASS">
          <reporter-output>
          </reporter-output>
        </test-method> <!-- test3 -->
      </class> <!-- testCases.PracticeTest -->
    </test> <!-- Test1 -->
    <test started-at="2026-04-28T10:57:41 IST" name="Test2" finished-at="2026-04-28T10:57:44 IST" duration-ms="3086">
      <class name="testCases.PracticeTest">
        <test-method signature="test1()[pri:0, instance:testCases.PracticeTest@38d8f54a]" started-at="2026-04-28T10:57:41 IST" name="test1" finished-at="2026-04-28T10:57:42 IST" duration-ms="1020" status="PASS">
          <reporter-output>
          </reporter-output>
        </test-method> <!-- test1 -->
        <test-method signature="test2()[pri:0, instance:testCases.PracticeTest@38d8f54a]" started-at="2026-04-28T10:57:42 IST" name="test2" finished-at="2026-04-28T10:57:43 IST" duration-ms="1004" status="PASS">
          <reporter-output>
          </reporter-output>
        </test-method> <!-- test2 -->
        <test-method signature="test3()[pri:0, instance:testCases.PracticeTest@38d8f54a]" started-at="2026-04-28T10:57:43 IST" name="test3" finished-at="2026-04-28T10:57:44 IST" duration-ms="1003" status="PASS">
          <reporter-output>
          </reporter-output>
        </test-method> <!-- test3 -->
      </class> <!-- testCases.PracticeTest -->
    </test> <!-- Test2 -->
  </suite> <!-- Suite -->
</testng-results>
