<?xml version="1.0" encoding="UTF-8"?>
<!-- Generated by org.testng.reporters.JUnitXMLReporter -->
<testsuite ignored="0" hostname="DESKTOP-DN1410E" failures="1" tests="1" name="Test" time="30.98" errors="0" timestamp="2025-05-21T18:59:00 IST">
  <testcase classname="testCases.TC03_AadharSeedingDeesing" name="AadharDeSeeding" time="7.842">
    <failure type="org.openqa.selenium.ElementClickInterceptedException" message="element click intercepted: Element &amp;lt;p style=&amp;quot;color: white; text-transform: uppercase; font-weight: 640; font-size: 14px; text-align: center; margin: 1px 5px 5px;&amp;quot;&amp;gt;...&amp;lt;/p&amp;gt; is not clickable at point (974, 603). Other element would receive the click: &amp;lt;div role=&amp;quot;dialog&amp;quot; aria-modal=&amp;quot;true&amp;quot; class=&amp;quot;fade col-lg offset-lg p-0 modal show&amp;quot; tabindex=&amp;quot;-1&amp;quot; aria-labelledby=&amp;quot;contained-modal-title-vcenter&amp;quot; style=&amp;quot;margin-top: 150px; margin-left: 108px; display: block;&amp;quot;&amp;gt;...&amp;lt;/div&amp;gt;
  (Session info: chrome=136.0.7103.114)
Build info: version: &amp;apos;4.31.0&amp;apos;, revision: &amp;apos;1ef9f18787*&amp;apos;
System info: os.name: &amp;apos;Windows 11&amp;apos;, os.arch: &amp;apos;amd64&amp;apos;, os.version: &amp;apos;10.0&amp;apos;, java.version: &amp;apos;21.0.4&amp;apos;
Driver info: org.openqa.selenium.chrome.ChromeDriver
Command: [1e9874398d78cfe40a67073acdb4e2f8, clickElement {id=f.5EF2CB6EFB15465DD796CBE0FDEF47AF.d.2D7CEE66CF184687E80CC0C5678992F4.e.108}]
Capabilities {acceptInsecureCerts: false, browserName: chrome, browserVersion: 136.0.7103.114, chrome: {chromedriverVersion: 136.0.7103.94 (fa0be0b33deb..., userDataDir: C:\Users\Lenovo\AppData\Loc...}, fedcm:accounts: true, goog:chromeOptions: {debuggerAddress: localhost:55710}, networkConnectionEnabled: false, pageLoadStrategy: normal, platformName: windows, proxy: Proxy(), se:cdp: ws://localhost:55710/devtoo..., se:cdpVersion: 136.0.7103.114, setWindowRect: true, strictFileInteractability: false, timeouts: {implicit: 0, pageLoad: 300000, script: 30000}, unhandledPromptBehavior: dismiss and notify, webauthn:extension:credBlob: true, webauthn:extension:largeBlob: true, webauthn:extension:minPinLength: true, webauthn:extension:prf: true, webauthn:virtualAuthenticators: true}
Element: [[ChromeDriver: chrome on windows (1e9874398d78cfe40a67073acdb4e2f8)] -&amp;gt; xpath: //p[text()=&amp;apos;PROCEED&amp;apos;]]
Session ID: 1e9874398d78cfe40a67073acdb4e2f8">
      <![CDATA[org.openqa.selenium.ElementClickInterceptedException: element click intercepted: Element <p style="color: white; text-transform: uppercase; font-weight: 640; font-size: 14px; text-align: center; margin: 1px 5px 5px;">...</p> is not clickable at point (974, 603). Other element would receive the click: <div role="dialog" aria-modal="true" class="fade col-lg offset-lg p-0 modal show" tabindex="-1" aria-labelledby="contained-modal-title-vcenter" style="margin-top: 150px; margin-left: 108px; display: block;">...</div>
  (Session info: chrome=136.0.7103.114)
Build info: version: '4.31.0', revision: '1ef9f18787*'
System info: os.name: 'Windows 11', os.arch: 'amd64', os.version: '10.0', java.version: '21.0.4'
Driver info: org.openqa.selenium.chrome.ChromeDriver
Command: [1e9874398d78cfe40a67073acdb4e2f8, clickElement {id=f.5EF2CB6EFB15465DD796CBE0FDEF47AF.d.2D7CEE66CF184687E80CC0C5678992F4.e.108}]
Capabilities {acceptInsecureCerts: false, browserName: chrome, browserVersion: 136.0.7103.114, chrome: {chromedriverVersion: 136.0.7103.94 (fa0be0b33deb..., userDataDir: C:\Users\Lenovo\AppData\Loc...}, fedcm:accounts: true, goog:chromeOptions: {debuggerAddress: localhost:55710}, networkConnectionEnabled: false, pageLoadStrategy: normal, platformName: windows, proxy: Proxy(), se:cdp: ws://localhost:55710/devtoo..., se:cdpVersion: 136.0.7103.114, setWindowRect: true, strictFileInteractability: false, timeouts: {implicit: 0, pageLoad: 300000, script: 30000}, unhandledPromptBehavior: dismiss and notify, webauthn:extension:credBlob: true, webauthn:extension:largeBlob: true, webauthn:extension:minPinLength: true, webauthn:extension:prf: true, webauthn:virtualAuthenticators: true}
Element: [[ChromeDriver: chrome on windows (1e9874398d78cfe40a67073acdb4e2f8)] -> xpath: //p[text()='PROCEED']]
Session ID: 1e9874398d78cfe40a67073acdb4e2f8
at org.openqa.selenium.remote.ErrorCodec.decode(ErrorCodec.java:167)
at org.openqa.selenium.remote.codec.w3c.W3CHttpResponseCodec.decode(W3CHttpResponseCodec.java:138)
at org.openqa.selenium.remote.codec.w3c.W3CHttpResponseCodec.decode(W3CHttpResponseCodec.java:50)
at org.openqa.selenium.remote.HttpCommandExecutor.execute(HttpCommandExecutor.java:215)
at org.openqa.selenium.remote.service.DriverCommandExecutor.invokeExecute(DriverCommandExecutor.java:216)
at org.openqa.selenium.remote.service.DriverCommandExecutor.execute(DriverCommandExecutor.java:174)
at org.openqa.selenium.remote.RemoteWebDriver.execute(RemoteWebDriver.java:545)
at org.openqa.selenium.remote.RemoteWebElement.execute(RemoteWebElement.java:223)
at org.openqa.selenium.remote.RemoteWebElement.click(RemoteWebElement.java:76)
at org.openqa.selenium.support.pagefactory.internal.LocatingElementHandler.invoke(LocatingElementHandler.java:51)
at jdk.proxy2/jdk.proxy2.$Proxy28.click(Unknown Source)
at pageObjects.AadharSeedingDeseeding.clickOnproceed(AadharSeedingDeseeding.java:57)
at testCases.TC03_AadharSeedingDeesing.AadharDeSeeding(TC03_AadharSeedingDeesing.java:34)
at java.base/java.util.ArrayList.forEach(ArrayList.java:1596)
... Removed 30 stack frames]]>
    </failure>
  </testcase> <!-- AadharDeSeeding -->
</testsuite> <!-- Test -->
