<?xml version="1.0" encoding="UTF-8"?>
<!-- Generated by org.testng.reporters.JUnitXMLReporter -->
<testsuite ignored="0" hostname="DESKTOP-DN1410E" failures="1" tests="1" name="Test" time="44.946" errors="0" timestamp="2025-10-13T16:19:25 IST">
  <testcase classname="testCases.LeadCreation" name="LeadCreate" time="0.016">
    <failure type="java.lang.NullPointerException" message="Cannot invoke &amp;quot;java.util.Properties.getProperty(String)&amp;quot; because &amp;quot;this.baseClass.p&amp;quot; is null">
      <![CDATA[java.lang.NullPointerException: Cannot invoke "java.util.Properties.getProperty(String)" because "this.baseClass.p" is null
at pageObjects.LeadCreationA.<init>(LeadCreationA.java:35)
at testCases.LeadCreation.LeadCreate(LeadCreation.java:23)
at java.base/java.util.ArrayList.forEach(ArrayList.java:1596)
... Removed 25 stack frames]]>
    </failure>
  </testcase> <!-- LeadCreate -->
</testsuite> <!-- Test -->
