<?xml version="1.0" encoding="UTF-8"?>
<!-- Generated by org.testng.reporters.JUnitXMLReporter -->
<testsuite ignored="0" hostname="DESKTOP-3TELDHC" failures="1" tests="1" name="Test" time="48.578" errors="0" timestamp="2025-11-25T12:50:56 IST">
  <testcase classname="testCases.LeadCreation" name="LeadCreate" time="9.69">
    <failure type="java.lang.NullPointerException" message="Cannot invoke &amp;quot;String.contains(java.lang.CharSequence)&amp;quot; because &amp;quot;toEscape&amp;quot; is null">
      <![CDATA[java.lang.NullPointerException: Cannot invoke "String.contains(java.lang.CharSequence)" because "toEscape" is null
at org.openqa.selenium.support.ui.Quotes.escape(Quotes.java:38)
at org.openqa.selenium.support.ui.Select.selectByVisibleText(Select.java:130)
at pageObjects.LeadCreationA.selectProductType(LeadCreationA.java:214)
at testCases.LeadCreation.LeadCreate(LeadCreation.java:43)
at java.base/java.util.ArrayList.forEach(ArrayList.java:1604)
... Removed 25 stack frames]]>
    </failure>
  </testcase> <!-- LeadCreate -->
</testsuite> <!-- Test -->
