<?xml version="1.0" encoding="UTF-8"?>
<testng-results ignored="0" total="1" passed="1" failed="0" skipped="0">
  <reporter-output>
  </reporter-output>
  <suite started-at="2026-05-15T12:46:55 IST" name="Default suite" finished-at="2026-05-15T12:46:58 IST" duration-ms="2832">
    <groups>
    </groups>
    <test started-at="2026-05-15T12:46:55 IST" name="Default test" finished-at="2026-05-15T12:46:58 IST" duration-ms="2832">
      <class name="RestAssuredAPI.RestAssuredAPI.VaultServices">
        <test-method signature="refkey()[pri:0, instance:RestAssuredAPI.RestAssuredAPI.VaultServices@7334aada]" started-at="2026-05-15T12:46:55 IST" name="refkey" finished-at="2026-05-15T12:46:58 IST" duration-ms="2775" status="PASS">
          <reporter-output>
          </reporter-output>
        </test-method> <!-- refkey -->
      </class> <!-- RestAssuredAPI.RestAssuredAPI.VaultServices -->
    </test> <!-- Default test -->
  </suite> <!-- Default suite -->
</testng-results>
