<?xml version="1.0" encoding="UTF-8"?>
<!-- Generated by org.testng.reporters.JUnitReportReporter -->
<testsuite hostname="DESKTOP-3TELDHC" failures="0" tests="2" name="RestAssuredAPI.RestAssuredAPI.AccountOpening" time="13.327" errors="0" timestamp="2026-05-20T10:53:27 IST" skipped="0">
  <testcase classname="RestAssuredAPI.RestAssuredAPI.AccountOpening" name="AmlockSearch" time="6.646"/>
  <testcase classname="RestAssuredAPI.RestAssuredAPI.AccountOpening" name="CifAccountCreation" time="6.681"/>
</testsuite> <!-- RestAssuredAPI.RestAssuredAPI.AccountOpening -->
