<?xml version="1.0" encoding="UTF-8"?>
<!-- Generated by org.testng.reporters.JUnitReportReporter -->
<testsuite hostname="DESKTOP-3TELDHC" failures="0" tests="2" name="RestAssuredAPI.RestAssuredAPI.Precheck" time="4.877" errors="0" timestamp="2026-05-19T19:50:26 IST" skipped="0">
  <testcase classname="RestAssuredAPI.RestAssuredAPI.Precheck" name="amlockSearch" time="3.397"/>
  <testcase classname="RestAssuredAPI.RestAssuredAPI.Precheck" name="dedupeOnId" time="1.480"/>
</testsuite> <!-- RestAssuredAPI.RestAssuredAPI.Precheck -->
